[10-Mar-2016 00:29:06 UTC] PHP Parse error:  syntax error, unexpected ';' in /home/ubuntu/workspace/Login/Register.php on line 13
[10-Mar-2016 00:29:44 UTC] PHP Parse error:  syntax error, unexpected ';' in /home/ubuntu/workspace/Login/Register.php on line 13
[10-Mar-2016 00:29:45 UTC] PHP Parse error:  syntax error, unexpected ';' in /home/ubuntu/workspace/Login/Register.php on line 13
[10-Mar-2016 00:29:58 UTC] PHP Parse error:  syntax error, unexpected ';' in /home/ubuntu/workspace/Login/Register.php on line 13
[10-Mar-2016 00:30:35 UTC] PHP Parse error:  syntax error, unexpected 'header' (T_STRING), expecting function (T_FUNCTION) in /home/ubuntu/workspace/Login/ConnectDB.php on line 20
[10-Mar-2016 00:32:30 UTC] PHP Parse error:  syntax error, unexpected ';' in /home/ubuntu/workspace/Login/Register.php on line 13
[10-Mar-2016 00:32:31 UTC] PHP Parse error:  syntax error, unexpected ';' in /home/ubuntu/workspace/Login/Register.php on line 13
[10-Mar-2016 00:32:32 UTC] PHP Parse error:  syntax error, unexpected ';' in /home/ubuntu/workspace/Login/Register.php on line 13
[10-Mar-2016 00:32:34 UTC] PHP Parse error:  syntax error, unexpected ';' in /home/ubuntu/workspace/Login/Register.php on line 13
[10-Mar-2016 00:32:35 UTC] PHP Parse error:  syntax error, unexpected 'header' (T_STRING), expecting function (T_FUNCTION) in /home/ubuntu/workspace/Login/ConnectDB.php on line 20
[10-Mar-2016 00:32:55 UTC] PHP Parse error:  syntax error, unexpected ';' in /home/ubuntu/workspace/Login/Register.php on line 13
[10-Mar-2016 00:34:12 UTC] PHP Parse error:  syntax error, unexpected ';' in /home/ubuntu/workspace/Login/Register.php on line 13
[10-Mar-2016 00:35:16 UTC] PHP Parse error:  syntax error, unexpected 'header' (T_STRING), expecting function (T_FUNCTION) in /home/ubuntu/workspace/Login/ConnectDB.php on line 20
[10-Mar-2016 00:35:16 UTC] PHP Stack trace:
[10-Mar-2016 00:35:16 UTC] PHP   1. {main}() /home/ubuntu/workspace/Login/Register.php:0
[10-Mar-2016 00:38:14 UTC] PHP Parse error:  syntax error, unexpected 'array' (T_ARRAY) in /home/ubuntu/workspace/Login/ConnectDB.php on line 63
[10-Mar-2016 00:39:33 UTC] PHP Parse error:  syntax error, unexpected 'array' (T_ARRAY) in /home/ubuntu/workspace/Login/ConnectDB.php on line 63
[10-Mar-2016 00:39:33 UTC] PHP Stack trace:
[10-Mar-2016 00:39:33 UTC] PHP   1. {main}() /home/ubuntu/workspace/Login/Register.php:0
[10-Mar-2016 03:42:41 UTC] PHP Parse error:  syntax error, unexpected ';' in /home/ubuntu/workspace/Login/login.php on line 13
[10-Mar-2016 07:08:02 UTC] PHP Parse error:  syntax error, unexpected 'array' (T_ARRAY) in /home/ubuntu/workspace/Login/ConnectDB.php on line 63
[10-Mar-2016 07:08:02 UTC] PHP Stack trace:
[10-Mar-2016 07:08:02 UTC] PHP   1. {main}() /home/ubuntu/workspace/Login/Register.php:0
[10-Mar-2016 07:08:37 UTC] PHP Parse error:  syntax error, unexpected ';' in /home/ubuntu/workspace/Login/login.php on line 13
[10-Mar-2016 07:09:39 UTC] PHP Parse error:  syntax error, unexpected 'array' (T_ARRAY) in /home/ubuntu/workspace/Login/ConnectDB.php on line 63
[10-Mar-2016 07:09:39 UTC] PHP Stack trace:
[10-Mar-2016 07:09:39 UTC] PHP   1. {main}() /home/ubuntu/workspace/Login/login.php:0
[10-Mar-2016 07:15:39 UTC] PHP Parse error:  syntax error, unexpected 'array' (T_ARRAY) in /home/ubuntu/workspace/Login/ConnectDB.php on line 65
[10-Mar-2016 10:22:37 UTC] PHP Parse error:  syntax error, unexpected 'array' (T_ARRAY) in /home/ubuntu/workspace/Login/ConnectDB.php on line 66
[10-Mar-2016 10:22:37 UTC] PHP Stack trace:
[10-Mar-2016 10:22:37 UTC] PHP   1. {main}() /home/ubuntu/workspace/Login/login.php:0
[10-Mar-2016 10:22:49 UTC] PHP Parse error:  syntax error, unexpected 'array' (T_ARRAY) in /home/ubuntu/workspace/Login/ConnectDB.php on line 66
[10-Mar-2016 10:22:49 UTC] PHP Stack trace:
[10-Mar-2016 10:22:49 UTC] PHP   1. {main}() /home/ubuntu/workspace/Login/login.php:0
[10-Mar-2016 10:22:52 UTC] PHP Parse error:  syntax error, unexpected 'array' (T_ARRAY) in /home/ubuntu/workspace/Login/ConnectDB.php on line 66
[10-Mar-2016 10:22:52 UTC] PHP Stack trace:
[10-Mar-2016 10:22:52 UTC] PHP   1. {main}() /home/ubuntu/workspace/Login/login.php:0
[10-Mar-2016 10:22:59 UTC] PHP Parse error:  syntax error, unexpected 'array' (T_ARRAY) in /home/ubuntu/workspace/Login/ConnectDB.php on line 66
[10-Mar-2016 10:22:59 UTC] PHP Stack trace:
[10-Mar-2016 10:22:59 UTC] PHP   1. {main}() /home/ubuntu/workspace/Login/login.php:0
[10-Mar-2016 10:29:26 UTC] PHP Fatal error:  Class 'ConnectDB' not found in /home/ubuntu/workspace/Login/login.php on line 7
[10-Mar-2016 10:29:26 UTC] PHP Stack trace:
[10-Mar-2016 10:29:26 UTC] PHP   1. {main}() /home/ubuntu/workspace/Login/login.php:0
[10-Mar-2016 10:30:38 UTC] PHP Fatal error:  Class 'ConnectDB' not found in /home/ubuntu/workspace/Login/login.php on line 7
[10-Mar-2016 10:30:38 UTC] PHP Stack trace:
[10-Mar-2016 10:30:38 UTC] PHP   1. {main}() /home/ubuntu/workspace/Login/login.php:0
[10-Mar-2016 10:31:59 UTC] PHP Warning:  include(Congfig.php): failed to open stream: No such file or directory in /home/ubuntu/workspace/Login/ConnectDB.php on line 13
[10-Mar-2016 10:31:59 UTC] PHP Stack trace:
[10-Mar-2016 10:31:59 UTC] PHP   1. {main}() /home/ubuntu/workspace/Login/Register.php:0
[10-Mar-2016 10:31:59 UTC] PHP   2. include() /home/ubuntu/workspace/Login/Register.php:4
[10-Mar-2016 10:31:59 UTC] PHP Warning:  include(): Failed opening 'Congfig.php' for inclusion (include_path='.:/usr/share/php:/usr/share/pear') in /home/ubuntu/workspace/Login/ConnectDB.php on line 13
[10-Mar-2016 10:31:59 UTC] PHP Stack trace:
[10-Mar-2016 10:31:59 UTC] PHP   1. {main}() /home/ubuntu/workspace/Login/Register.php:0
[10-Mar-2016 10:31:59 UTC] PHP   2. include() /home/ubuntu/workspace/Login/Register.php:4
[10-Mar-2016 10:31:59 UTC] PHP Fatal error:  Class 'ConnectDB' not found in /home/ubuntu/workspace/Login/Register.php on line 7
[10-Mar-2016 10:31:59 UTC] PHP Stack trace:
[10-Mar-2016 10:31:59 UTC] PHP   1. {main}() /home/ubuntu/workspace/Login/Register.php:0
[10-Mar-2016 10:33:47 UTC] PHP Warning:  include(Login/Congfig.php): failed to open stream: No such file or directory in /home/ubuntu/workspace/Login/ConnectDB.php on line 13
[10-Mar-2016 10:33:47 UTC] PHP Stack trace:
[10-Mar-2016 10:33:47 UTC] PHP   1. {main}() /home/ubuntu/workspace/Login/ConnectDB.php:0
[10-Mar-2016 10:33:47 UTC] PHP Warning:  include(): Failed opening 'Login/Congfig.php' for inclusion (include_path='.:/usr/share/php:/usr/share/pear') in /home/ubuntu/workspace/Login/ConnectDB.php on line 13
[10-Mar-2016 10:33:47 UTC] PHP Stack trace:
[10-Mar-2016 10:33:47 UTC] PHP   1. {main}() /home/ubuntu/workspace/Login/ConnectDB.php:0
[10-Mar-2016 10:38:15 UTC] PHP Parse error:  syntax error, unexpected 'echo' (T_ECHO), expecting function (T_FUNCTION) in /home/ubuntu/workspace/Login/ConnectDB.php on line 17
[10-Mar-2016 11:40:18 UTC] PHP Fatal error:  Class 'ConnectDB' not found in /home/ubuntu/workspace/Login/login.php on line 7
[10-Mar-2016 11:40:18 UTC] PHP Stack trace:
[10-Mar-2016 11:40:18 UTC] PHP   1. {main}() /home/ubuntu/workspace/Login/login.php:0
[10-Mar-2016 12:46:50 UTC] PHP Fatal error:  Class 'ConnectDB' not found in /home/ubuntu/workspace/Login/login.php on line 7
[10-Mar-2016 12:46:50 UTC] PHP Stack trace:
[10-Mar-2016 12:46:50 UTC] PHP   1. {main}() /home/ubuntu/workspace/Login/login.php:0
[10-Mar-2016 14:10:52 UTC] PHP Fatal error:  Class 'ConnectDB' not found in /home/ubuntu/workspace/Login/login.php on line 7
[10-Mar-2016 14:10:52 UTC] PHP Stack trace:
[10-Mar-2016 14:10:52 UTC] PHP   1. {main}() /home/ubuntu/workspace/Login/login.php:0
[10-Mar-2016 14:23:19 UTC] PHP Fatal error:  Class 'ConnectDB' not found in /home/ubuntu/workspace/Login/login.php on line 7
[10-Mar-2016 14:23:19 UTC] PHP Stack trace:
[10-Mar-2016 14:23:19 UTC] PHP   1. {main}() /home/ubuntu/workspace/Login/login.php:0
[10-Mar-2016 14:32:21 UTC] PHP Fatal error:  Class 'ConnectDB' not found in /home/ubuntu/workspace/Login/login.php on line 7
[10-Mar-2016 14:32:21 UTC] PHP Stack trace:
[10-Mar-2016 14:32:21 UTC] PHP   1. {main}() /home/ubuntu/workspace/Login/login.php:0
[10-Mar-2016 14:32:51 UTC] PHP Fatal error:  Class 'ConnectDB' not found in /home/ubuntu/workspace/Login/login.php on line 7
[10-Mar-2016 14:32:51 UTC] PHP Stack trace:
[10-Mar-2016 14:32:51 UTC] PHP   1. {main}() /home/ubuntu/workspace/Login/login.php:0
[10-Mar-2016 15:51:28 UTC] PHP Fatal error:  Class 'ConnectDB' not found in /home/ubuntu/workspace/Login/login.php on line 7
[10-Mar-2016 15:51:28 UTC] PHP Stack trace:
[10-Mar-2016 15:51:28 UTC] PHP   1. {main}() /home/ubuntu/workspace/Login/login.php:0
[10-Mar-2016 20:05:27 UTC] PHP Fatal error:  Class 'ConnectDB' not found in /home/ubuntu/workspace/Login/login.php on line 7
[10-Mar-2016 20:05:27 UTC] PHP Stack trace:
[10-Mar-2016 20:05:27 UTC] PHP   1. {main}() /home/ubuntu/workspace/Login/login.php:0
[11-Mar-2016 10:48:20 UTC] PHP Fatal error:  Class 'ConnectDB' not found in /home/ubuntu/workspace/Login/login.php on line 7
[11-Mar-2016 10:48:20 UTC] PHP Stack trace:
[11-Mar-2016 10:48:20 UTC] PHP   1. {main}() /home/ubuntu/workspace/Login/login.php:0
[11-Mar-2016 10:51:08 UTC] PHP Fatal error:  Class 'ConnectDB' not found in /home/ubuntu/workspace/Login/Register.php on line 7
[11-Mar-2016 10:51:08 UTC] PHP Stack trace:
[11-Mar-2016 10:51:08 UTC] PHP   1. {main}() /home/ubuntu/workspace/Login/Register.php:0
[11-Mar-2016 10:55:35 UTC] PHP Fatal error:  Cannot redeclare class DBconnect in /home/ubuntu/workspace/Login/ConnectDB.php on line 14
[11-Mar-2016 10:55:35 UTC] PHP Stack trace:
[11-Mar-2016 10:55:35 UTC] PHP   1. {main}() /home/ubuntu/workspace/Login/Register.php:0
[11-Mar-2016 10:58:04 UTC] PHP Fatal error:  Cannot redeclare class DBconnect in /home/ubuntu/workspace/Login/ConnectDB.php on line 14
[11-Mar-2016 10:58:04 UTC] PHP Stack trace:
[11-Mar-2016 10:58:04 UTC] PHP   1. {main}() /home/ubuntu/workspace/Login/Register.php:0
[11-Mar-2016 11:10:00 UTC] PHP Fatal error:  Cannot redeclare class ConnectDB in /home/ubuntu/workspace/Login/ConnectDB.php on line 16
[11-Mar-2016 11:10:00 UTC] PHP Stack trace:
[11-Mar-2016 11:10:00 UTC] PHP   1. {main}() /home/ubuntu/workspace/Login/Register.php:0
[11-Mar-2016 11:12:40 UTC] PHP Fatal error:  Cannot redeclare class ConnectDB in /home/ubuntu/workspace/Login/ConnectDB.php on line 16
[11-Mar-2016 11:12:40 UTC] PHP Stack trace:
[11-Mar-2016 11:12:40 UTC] PHP   1. {main}() /home/ubuntu/workspace/Login/Register.php:0
[11-Mar-2016 11:37:36 UTC] PHP Fatal error:  Call to a member function Login() on a non-object in /home/ubuntu/workspace/Login/login.php on line 16
[11-Mar-2016 11:37:36 UTC] PHP Stack trace:
[11-Mar-2016 11:37:36 UTC] PHP   1. {main}() /home/ubuntu/workspace/Login/login.php:0
[11-Mar-2016 11:43:28 UTC] PHP Warning:  mysqli_connect(): (HY000/1045): Access denied for user 'stephenkearns1'@'localhost' (using password: YES) in /home/ubuntu/workspace/Login/ConnectDB.php on line 32
[11-Mar-2016 11:43:28 UTC] PHP Stack trace:
[11-Mar-2016 11:43:28 UTC] PHP   1. {main}() /home/ubuntu/workspace/Login/login.php:0
[11-Mar-2016 11:43:28 UTC] PHP   2. ConnectDB->Login() /home/ubuntu/workspace/Login/login.php:16
[11-Mar-2016 11:43:28 UTC] PHP   3. ConnectDB->Connect() /home/ubuntu/workspace/Login/ConnectDB.php:59
[11-Mar-2016 11:43:28 UTC] PHP   4. mysqli_connect() /home/ubuntu/workspace/Login/ConnectDB.php:32
[11-Mar-2016 11:43:28 UTC] PHP Warning:  mysqli_prepare() expects parameter 1 to be mysqli, boolean given in /home/ubuntu/workspace/Login/ConnectDB.php on line 61
[11-Mar-2016 11:43:28 UTC] PHP Stack trace:
[11-Mar-2016 11:43:28 UTC] PHP   1. {main}() /home/ubuntu/workspace/Login/login.php:0
[11-Mar-2016 11:43:28 UTC] PHP   2. ConnectDB->Login() /home/ubuntu/workspace/Login/login.php:16
[11-Mar-2016 11:43:28 UTC] PHP   3. mysqli_prepare() /home/ubuntu/workspace/Login/ConnectDB.php:61
[11-Mar-2016 11:43:28 UTC] PHP Warning:  mysqli_stmt_bind_param() expects parameter 1 to be mysqli_stmt, null given in /home/ubuntu/workspace/Login/ConnectDB.php on line 62
[11-Mar-2016 11:43:28 UTC] PHP Stack trace:
[11-Mar-2016 11:43:28 UTC] PHP   1. {main}() /home/ubuntu/workspace/Login/login.php:0
[11-Mar-2016 11:43:28 UTC] PHP   2. ConnectDB->Login() /home/ubuntu/workspace/Login/login.php:16
[11-Mar-2016 11:43:28 UTC] PHP   3. mysqli_stmt_bind_param() /home/ubuntu/workspace/Login/ConnectDB.php:62
[11-Mar-2016 11:43:28 UTC] PHP Warning:  mysqli_stmt_store_result() expects parameter 1 to be mysqli_stmt, null given in /home/ubuntu/workspace/Login/ConnectDB.php on line 64
[11-Mar-2016 11:43:28 UTC] PHP Stack trace:
[11-Mar-2016 11:43:28 UTC] PHP   1. {main}() /home/ubuntu/workspace/Login/login.php:0
[11-Mar-2016 11:43:28 UTC] PHP   2. ConnectDB->Login() /home/ubuntu/workspace/Login/login.php:16
[11-Mar-2016 11:43:28 UTC] PHP   3. mysqli_stmt_store_result() /home/ubuntu/workspace/Login/ConnectDB.php:64
[11-Mar-2016 11:43:28 UTC] PHP Warning:  mysqli_stmt_bind_result() expects parameter 1 to be mysqli_stmt, null given in /home/ubuntu/workspace/Login/ConnectDB.php on line 65
[11-Mar-2016 11:43:28 UTC] PHP Stack trace:
[11-Mar-2016 11:43:28 UTC] PHP   1. {main}() /home/ubuntu/workspace/Login/login.php:0
[11-Mar-2016 11:43:28 UTC] PHP   2. ConnectDB->Login() /home/ubuntu/workspace/Login/login.php:16
[11-Mar-2016 11:43:28 UTC] PHP   3. mysqli_stmt_bind_result() /home/ubuntu/workspace/Login/ConnectDB.php:65
[11-Mar-2016 11:43:28 UTC] PHP Fatal error:  Call to undefined function mysqli_start_execute() in /home/ubuntu/workspace/Login/ConnectDB.php on line 67
[11-Mar-2016 11:43:28 UTC] PHP Stack trace:
[11-Mar-2016 11:43:28 UTC] PHP   1. {main}() /home/ubuntu/workspace/Login/login.php:0
[11-Mar-2016 11:43:28 UTC] PHP   2. ConnectDB->Login() /home/ubuntu/workspace/Login/login.php:16
[11-Mar-2016 22:27:05 UTC] PHP Parse error:  syntax error, unexpected 'dbname' (T_STRING) in /home/ubuntu/workspace/Login/ConnectDB.php on line 32
[11-Mar-2016 22:27:05 UTC] PHP Stack trace:
[11-Mar-2016 22:27:05 UTC] PHP   1. {main}() /home/ubuntu/workspace/Login/login.php:0
[11-Mar-2016 22:32:15 UTC] PHP Parse error:  syntax error, unexpected 'dbname' (T_STRING) in /home/ubuntu/workspace/Login/ConnectDB.php on line 32
[11-Mar-2016 22:32:15 UTC] PHP Stack trace:
[11-Mar-2016 22:32:15 UTC] PHP   1. {main}() /home/ubuntu/workspace/Login/login.php:0
[11-Mar-2016 22:33:44 UTC] PHP Warning:  mysqli_connect(): (HY000/1049): Unknown database 'UserLogin' in /home/ubuntu/workspace/Login/ConnectDB.php on line 32
[11-Mar-2016 22:33:44 UTC] PHP Stack trace:
[11-Mar-2016 22:33:44 UTC] PHP   1. {main}() /home/ubuntu/workspace/Login/login.php:0
[11-Mar-2016 22:33:44 UTC] PHP   2. ConnectDB->Login() /home/ubuntu/workspace/Login/login.php:16
[11-Mar-2016 22:33:44 UTC] PHP   3. ConnectDB->Connect() /home/ubuntu/workspace/Login/ConnectDB.php:59
[11-Mar-2016 22:33:44 UTC] PHP   4. mysqli_connect() /home/ubuntu/workspace/Login/ConnectDB.php:32
[11-Mar-2016 22:33:44 UTC] PHP Warning:  mysqli_prepare() expects parameter 1 to be mysqli, boolean given in /home/ubuntu/workspace/Login/ConnectDB.php on line 61
[11-Mar-2016 22:33:44 UTC] PHP Stack trace:
[11-Mar-2016 22:33:44 UTC] PHP   1. {main}() /home/ubuntu/workspace/Login/login.php:0
[11-Mar-2016 22:33:44 UTC] PHP   2. ConnectDB->Login() /home/ubuntu/workspace/Login/login.php:16
[11-Mar-2016 22:33:44 UTC] PHP   3. mysqli_prepare() /home/ubuntu/workspace/Login/ConnectDB.php:61
[11-Mar-2016 22:33:44 UTC] PHP Warning:  mysqli_stmt_bind_param() expects parameter 1 to be mysqli_stmt, null given in /home/ubuntu/workspace/Login/ConnectDB.php on line 62
[11-Mar-2016 22:33:44 UTC] PHP Stack trace:
[11-Mar-2016 22:33:44 UTC] PHP   1. {main}() /home/ubuntu/workspace/Login/login.php:0
[11-Mar-2016 22:33:44 UTC] PHP   2. ConnectDB->Login() /home/ubuntu/workspace/Login/login.php:16
[11-Mar-2016 22:33:44 UTC] PHP   3. mysqli_stmt_bind_param() /home/ubuntu/workspace/Login/ConnectDB.php:62
[11-Mar-2016 22:33:44 UTC] PHP Warning:  mysqli_stmt_store_result() expects parameter 1 to be mysqli_stmt, null given in /home/ubuntu/workspace/Login/ConnectDB.php on line 64
[11-Mar-2016 22:33:44 UTC] PHP Stack trace:
[11-Mar-2016 22:33:44 UTC] PHP   1. {main}() /home/ubuntu/workspace/Login/login.php:0
[11-Mar-2016 22:33:44 UTC] PHP   2. ConnectDB->Login() /home/ubuntu/workspace/Login/login.php:16
[11-Mar-2016 22:33:44 UTC] PHP   3. mysqli_stmt_store_result() /home/ubuntu/workspace/Login/ConnectDB.php:64
[11-Mar-2016 22:33:44 UTC] PHP Warning:  mysqli_stmt_bind_result() expects parameter 1 to be mysqli_stmt, null given in /home/ubuntu/workspace/Login/ConnectDB.php on line 65
[11-Mar-2016 22:33:44 UTC] PHP Stack trace:
[11-Mar-2016 22:33:44 UTC] PHP   1. {main}() /home/ubuntu/workspace/Login/login.php:0
[11-Mar-2016 22:33:44 UTC] PHP   2. ConnectDB->Login() /home/ubuntu/workspace/Login/login.php:16
[11-Mar-2016 22:33:44 UTC] PHP   3. mysqli_stmt_bind_result() /home/ubuntu/workspace/Login/ConnectDB.php:65
[11-Mar-2016 22:33:44 UTC] PHP Fatal error:  Call to undefined function mysqli_start_execute() in /home/ubuntu/workspace/Login/ConnectDB.php on line 67
[11-Mar-2016 22:33:44 UTC] PHP Stack trace:
[11-Mar-2016 22:33:44 UTC] PHP   1. {main}() /home/ubuntu/workspace/Login/login.php:0
[11-Mar-2016 22:33:44 UTC] PHP   2. ConnectDB->Login() /home/ubuntu/workspace/Login/login.php:16
[11-Mar-2016 22:33:57 UTC] PHP Warning:  mysqli_connect(): (HY000/1049): Unknown database 'UserLogin' in /home/ubuntu/workspace/Login/ConnectDB.php on line 32
[11-Mar-2016 22:33:57 UTC] PHP Stack trace:
[11-Mar-2016 22:33:57 UTC] PHP   1. {main}() /home/ubuntu/workspace/Login/login.php:0
[11-Mar-2016 22:33:57 UTC] PHP   2. ConnectDB->Login() /home/ubuntu/workspace/Login/login.php:16
[11-Mar-2016 22:33:57 UTC] PHP   3. ConnectDB->Connect() /home/ubuntu/workspace/Login/ConnectDB.php:59
[11-Mar-2016 22:33:57 UTC] PHP   4. mysqli_connect() /home/ubuntu/workspace/Login/ConnectDB.php:32
[11-Mar-2016 22:33:57 UTC] PHP Warning:  mysqli_prepare() expects parameter 1 to be mysqli, boolean given in /home/ubuntu/workspace/Login/ConnectDB.php on line 61
[11-Mar-2016 22:33:57 UTC] PHP Stack trace:
[11-Mar-2016 22:33:57 UTC] PHP   1. {main}() /home/ubuntu/workspace/Login/login.php:0
[11-Mar-2016 22:33:57 UTC] PHP   2. ConnectDB->Login() /home/ubuntu/workspace/Login/login.php:16
[11-Mar-2016 22:33:57 UTC] PHP   3. mysqli_prepare() /home/ubuntu/workspace/Login/ConnectDB.php:61
[11-Mar-2016 22:33:57 UTC] PHP Warning:  mysqli_stmt_bind_param() expects parameter 1 to be mysqli_stmt, null given in /home/ubuntu/workspace/Login/ConnectDB.php on line 62
[11-Mar-2016 22:33:57 UTC] PHP Stack trace:
[11-Mar-2016 22:33:57 UTC] PHP   1. {main}() /home/ubuntu/workspace/Login/login.php:0
[11-Mar-2016 22:33:57 UTC] PHP   2. ConnectDB->Login() /home/ubuntu/workspace/Login/login.php:16
[11-Mar-2016 22:33:57 UTC] PHP   3. mysqli_stmt_bind_param() /home/ubuntu/workspace/Login/ConnectDB.php:62
[11-Mar-2016 22:33:57 UTC] PHP Warning:  mysqli_stmt_store_result() expects parameter 1 to be mysqli_stmt, null given in /home/ubuntu/workspace/Login/ConnectDB.php on line 64
[11-Mar-2016 22:33:57 UTC] PHP Stack trace:
[11-Mar-2016 22:33:57 UTC] PHP   1. {main}() /home/ubuntu/workspace/Login/login.php:0
[11-Mar-2016 22:33:57 UTC] PHP   2. ConnectDB->Login() /home/ubuntu/workspace/Login/login.php:16
[11-Mar-2016 22:33:57 UTC] PHP   3. mysqli_stmt_store_result() /home/ubuntu/workspace/Login/ConnectDB.php:64
[11-Mar-2016 22:33:57 UTC] PHP Warning:  mysqli_stmt_bind_result() expects parameter 1 to be mysqli_stmt, null given in /home/ubuntu/workspace/Login/ConnectDB.php on line 65
[11-Mar-2016 22:33:57 UTC] PHP Stack trace:
[11-Mar-2016 22:33:57 UTC] PHP   1. {main}() /home/ubuntu/workspace/Login/login.php:0
[11-Mar-2016 22:33:57 UTC] PHP   2. ConnectDB->Login() /home/ubuntu/workspace/Login/login.php:16
[11-Mar-2016 22:33:57 UTC] PHP   3. mysqli_stmt_bind_result() /home/ubuntu/workspace/Login/ConnectDB.php:65
[11-Mar-2016 22:33:57 UTC] PHP Fatal error:  Call to undefined function mysqli_start_execute() in /home/ubuntu/workspace/Login/ConnectDB.php on line 67
[11-Mar-2016 22:33:57 UTC] PHP Stack trace:
[11-Mar-2016 22:33:57 UTC] PHP   1. {main}() /home/ubuntu/workspace/Login/login.php:0
[11-Mar-2016 22:33:57 UTC] PHP   2. ConnectDB->Login() /home/ubuntu/workspace/Login/login.php:16
[11-Mar-2016 22:40:34 UTC] PHP Warning:  mysqli_connect(): (HY000/1049): Unknown database 'UserLogin' in /home/ubuntu/workspace/Login/ConnectDB.php on line 32
[11-Mar-2016 22:40:34 UTC] PHP Stack trace:
[11-Mar-2016 22:40:34 UTC] PHP   1. {main}() /home/ubuntu/workspace/Login/login.php:0
[11-Mar-2016 22:40:34 UTC] PHP   2. ConnectDB->Login() /home/ubuntu/workspace/Login/login.php:16
[11-Mar-2016 22:40:34 UTC] PHP   3. ConnectDB->Connect() /home/ubuntu/workspace/Login/ConnectDB.php:59
[11-Mar-2016 22:40:34 UTC] PHP   4. mysqli_connect() /home/ubuntu/workspace/Login/ConnectDB.php:32
[11-Mar-2016 22:40:34 UTC] PHP Warning:  mysqli_prepare() expects parameter 1 to be mysqli, boolean given in /home/ubuntu/workspace/Login/ConnectDB.php on line 61
[11-Mar-2016 22:40:34 UTC] PHP Stack trace:
[11-Mar-2016 22:40:34 UTC] PHP   1. {main}() /home/ubuntu/workspace/Login/login.php:0
[11-Mar-2016 22:40:34 UTC] PHP   2. ConnectDB->Login() /home/ubuntu/workspace/Login/login.php:16
[11-Mar-2016 22:40:34 UTC] PHP   3. mysqli_prepare() /home/ubuntu/workspace/Login/ConnectDB.php:61
[11-Mar-2016 22:40:34 UTC] PHP Warning:  mysqli_stmt_bind_param() expects parameter 1 to be mysqli_stmt, null given in /home/ubuntu/workspace/Login/ConnectDB.php on line 62
[11-Mar-2016 22:40:34 UTC] PHP Stack trace:
[11-Mar-2016 22:40:34 UTC] PHP   1. {main}() /home/ubuntu/workspace/Login/login.php:0
[11-Mar-2016 22:40:34 UTC] PHP   2. ConnectDB->Login() /home/ubuntu/workspace/Login/login.php:16
[11-Mar-2016 22:40:34 UTC] PHP   3. mysqli_stmt_bind_param() /home/ubuntu/workspace/Login/ConnectDB.php:62
[11-Mar-2016 22:40:34 UTC] PHP Warning:  mysqli_stmt_store_result() expects parameter 1 to be mysqli_stmt, null given in /home/ubuntu/workspace/Login/ConnectDB.php on line 64
[11-Mar-2016 22:40:34 UTC] PHP Stack trace:
[11-Mar-2016 22:40:34 UTC] PHP   1. {main}() /home/ubuntu/workspace/Login/login.php:0
[11-Mar-2016 22:40:34 UTC] PHP   2. ConnectDB->Login() /home/ubuntu/workspace/Login/login.php:16
[11-Mar-2016 22:40:34 UTC] PHP   3. mysqli_stmt_store_result() /home/ubuntu/workspace/Login/ConnectDB.php:64
[11-Mar-2016 22:40:34 UTC] PHP Warning:  mysqli_stmt_bind_result() expects parameter 1 to be mysqli_stmt, null given in /home/ubuntu/workspace/Login/ConnectDB.php on line 65
[11-Mar-2016 22:40:34 UTC] PHP Stack trace:
[11-Mar-2016 22:40:34 UTC] PHP   1. {main}() /home/ubuntu/workspace/Login/login.php:0
[11-Mar-2016 22:40:34 UTC] PHP   2. ConnectDB->Login() /home/ubuntu/workspace/Login/login.php:16
[11-Mar-2016 22:40:34 UTC] PHP   3. mysqli_stmt_bind_result() /home/ubuntu/workspace/Login/ConnectDB.php:65
[11-Mar-2016 22:40:34 UTC] PHP Fatal error:  Call to undefined function mysqli_start_execute() in /home/ubuntu/workspace/Login/ConnectDB.php on line 67
[11-Mar-2016 22:40:34 UTC] PHP Stack trace:
[11-Mar-2016 22:40:34 UTC] PHP   1. {main}() /home/ubuntu/workspace/Login/login.php:0
[11-Mar-2016 22:40:34 UTC] PHP   2. ConnectDB->Login() /home/ubuntu/workspace/Login/login.php:16
[11-Mar-2016 23:13:43 UTC] PHP Warning:  mysqli_connect(): (HY000/1049): Unknown database 'user' in /home/ubuntu/workspace/Login/ConnectDB.php on line 32
[11-Mar-2016 23:13:43 UTC] PHP Stack trace:
[11-Mar-2016 23:13:43 UTC] PHP   1. {main}() /home/ubuntu/workspace/Login/login.php:0
[11-Mar-2016 23:13:43 UTC] PHP   2. ConnectDB->Login() /home/ubuntu/workspace/Login/login.php:16
[11-Mar-2016 23:13:43 UTC] PHP   3. ConnectDB->Connect() /home/ubuntu/workspace/Login/ConnectDB.php:59
[11-Mar-2016 23:13:43 UTC] PHP   4. mysqli_connect() /home/ubuntu/workspace/Login/ConnectDB.php:32
[11-Mar-2016 23:13:43 UTC] PHP Warning:  mysqli_prepare() expects parameter 1 to be mysqli, boolean given in /home/ubuntu/workspace/Login/ConnectDB.php on line 61
[11-Mar-2016 23:13:43 UTC] PHP Stack trace:
[11-Mar-2016 23:13:43 UTC] PHP   1. {main}() /home/ubuntu/workspace/Login/login.php:0
[11-Mar-2016 23:13:43 UTC] PHP   2. ConnectDB->Login() /home/ubuntu/workspace/Login/login.php:16
[11-Mar-2016 23:13:43 UTC] PHP   3. mysqli_prepare() /home/ubuntu/workspace/Login/ConnectDB.php:61
[11-Mar-2016 23:13:43 UTC] PHP Warning:  mysqli_stmt_bind_param() expects parameter 1 to be mysqli_stmt, null given in /home/ubuntu/workspace/Login/ConnectDB.php on line 62
[11-Mar-2016 23:13:43 UTC] PHP Stack trace:
[11-Mar-2016 23:13:43 UTC] PHP   1. {main}() /home/ubuntu/workspace/Login/login.php:0
[11-Mar-2016 23:13:43 UTC] PHP   2. ConnectDB->Login() /home/ubuntu/workspace/Login/login.php:16
[11-Mar-2016 23:13:43 UTC] PHP   3. mysqli_stmt_bind_param() /home/ubuntu/workspace/Login/ConnectDB.php:62
[11-Mar-2016 23:13:43 UTC] PHP Warning:  mysqli_stmt_store_result() expects parameter 1 to be mysqli_stmt, null given in /home/ubuntu/workspace/Login/ConnectDB.php on line 64
[11-Mar-2016 23:13:43 UTC] PHP Stack trace:
[11-Mar-2016 23:13:43 UTC] PHP   1. {main}() /home/ubuntu/workspace/Login/login.php:0
[11-Mar-2016 23:13:43 UTC] PHP   2. ConnectDB->Login() /home/ubuntu/workspace/Login/login.php:16
[11-Mar-2016 23:13:43 UTC] PHP   3. mysqli_stmt_store_result() /home/ubuntu/workspace/Login/ConnectDB.php:64
[11-Mar-2016 23:13:43 UTC] PHP Warning:  mysqli_stmt_bind_result() expects parameter 1 to be mysqli_stmt, null given in /home/ubuntu/workspace/Login/ConnectDB.php on line 65
[11-Mar-2016 23:13:43 UTC] PHP Stack trace:
[11-Mar-2016 23:13:43 UTC] PHP   1. {main}() /home/ubuntu/workspace/Login/login.php:0
[11-Mar-2016 23:13:43 UTC] PHP   2. ConnectDB->Login() /home/ubuntu/workspace/Login/login.php:16
[11-Mar-2016 23:13:43 UTC] PHP   3. mysqli_stmt_bind_result() /home/ubuntu/workspace/Login/ConnectDB.php:65
[11-Mar-2016 23:13:43 UTC] PHP Fatal error:  Call to undefined function mysqli_start_execute() in /home/ubuntu/workspace/Login/ConnectDB.php on line 67
[11-Mar-2016 23:13:43 UTC] PHP Stack trace:
[11-Mar-2016 23:13:43 UTC] PHP   1. {main}() /home/ubuntu/workspace/Login/login.php:0
[11-Mar-2016 23:13:43 UTC] PHP   2. ConnectDB->Login() /home/ubuntu/workspace/Login/login.php:16
[11-Mar-2016 23:47:25 UTC] PHP Warning:  mysqli_stmt_bind_param() expects parameter 1 to be mysqli_stmt, boolean given in /home/ubuntu/workspace/Login/ConnectDB.php on line 63
[11-Mar-2016 23:47:25 UTC] PHP Stack trace:
[11-Mar-2016 23:47:25 UTC] PHP   1. {main}() /home/ubuntu/workspace/Login/login.php:0
[11-Mar-2016 23:47:25 UTC] PHP   2. ConnectDB->Login() /home/ubuntu/workspace/Login/login.php:16
[11-Mar-2016 23:47:25 UTC] PHP   3. mysqli_stmt_bind_param() /home/ubuntu/workspace/Login/ConnectDB.php:63
[11-Mar-2016 23:47:25 UTC] PHP Warning:  mysqli_stmt_store_result() expects parameter 1 to be mysqli_stmt, boolean given in /home/ubuntu/workspace/Login/ConnectDB.php on line 65
[11-Mar-2016 23:47:25 UTC] PHP Stack trace:
[11-Mar-2016 23:47:25 UTC] PHP   1. {main}() /home/ubuntu/workspace/Login/login.php:0
[11-Mar-2016 23:47:25 UTC] PHP   2. ConnectDB->Login() /home/ubuntu/workspace/Login/login.php:16
[11-Mar-2016 23:47:25 UTC] PHP   3. mysqli_stmt_store_result() /home/ubuntu/workspace/Login/ConnectDB.php:65
[11-Mar-2016 23:47:25 UTC] PHP Warning:  mysqli_stmt_bind_result() expects parameter 1 to be mysqli_stmt, boolean given in /home/ubuntu/workspace/Login/ConnectDB.php on line 66
[11-Mar-2016 23:47:25 UTC] PHP Stack trace:
[11-Mar-2016 23:47:25 UTC] PHP   1. {main}() /home/ubuntu/workspace/Login/login.php:0
[11-Mar-2016 23:47:25 UTC] PHP   2. ConnectDB->Login() /home/ubuntu/workspace/Login/login.php:16
[11-Mar-2016 23:47:25 UTC] PHP   3. mysqli_stmt_bind_result() /home/ubuntu/workspace/Login/ConnectDB.php:66
[11-Mar-2016 23:47:25 UTC] PHP Fatal error:  Call to undefined function mysqli_start_execute() in /home/ubuntu/workspace/Login/ConnectDB.php on line 68
[11-Mar-2016 23:47:25 UTC] PHP Stack trace:
[11-Mar-2016 23:47:25 UTC] PHP   1. {main}() /home/ubuntu/workspace/Login/login.php:0
[11-Mar-2016 23:47:25 UTC] PHP   2. ConnectDB->Login() /home/ubuntu/workspace/Login/login.php:16
[12-Mar-2016 00:03:59 UTC] PHP Fatal error:  Call to a member function mysqli_stmt_bind_param() on a non-object in /home/ubuntu/workspace/Login/ConnectDB.php on line 63
[12-Mar-2016 00:03:59 UTC] PHP Stack trace:
[12-Mar-2016 00:03:59 UTC] PHP   1. {main}() /home/ubuntu/workspace/Login/login.php:0
[12-Mar-2016 00:03:59 UTC] PHP   2. ConnectDB->Login() /home/ubuntu/workspace/Login/login.php:16
[12-Mar-2016 00:12:53 UTC] PHP Catchable fatal error:  Object of class mysqli could not be converted to string in /home/ubuntu/workspace/Login/ConnectDB.php on line 61
[12-Mar-2016 00:12:53 UTC] PHP Stack trace:
[12-Mar-2016 00:12:53 UTC] PHP   1. {main}() /home/ubuntu/workspace/Login/login.php:0
[12-Mar-2016 00:12:53 UTC] PHP   2. ConnectDB->Login() /home/ubuntu/workspace/Login/login.php:16
[12-Mar-2016 00:15:07 UTC] PHP Fatal error:  Call to a member function mysqli_stmt_bind_param() on a non-object in /home/ubuntu/workspace/Login/ConnectDB.php on line 66
[12-Mar-2016 00:15:07 UTC] PHP Stack trace:
[12-Mar-2016 00:15:07 UTC] PHP   1. {main}() /home/ubuntu/workspace/Login/login.php:0
[12-Mar-2016 00:15:07 UTC] PHP   2. ConnectDB->Login() /home/ubuntu/workspace/Login/login.php:16
[12-Mar-2016 00:36:44 UTC] PHP Fatal error:  Call to a member function mysqli_stmt_bind_param() on a non-object in /home/ubuntu/workspace/Login/ConnectDB.php on line 66
[12-Mar-2016 00:36:44 UTC] PHP Stack trace:
[12-Mar-2016 00:36:44 UTC] PHP   1. {main}() /home/ubuntu/workspace/Login/login.php:0
[12-Mar-2016 00:36:44 UTC] PHP   2. ConnectDB->Login() /home/ubuntu/workspace/Login/login.php:16
[12-Mar-2016 00:40:31 UTC] PHP Warning:  mysqli_get_host_info() expects parameter 1 to be mysqli, null given in /home/ubuntu/workspace/Login/ConnectDB.php on line 41
[12-Mar-2016 00:40:31 UTC] PHP Stack trace:
[12-Mar-2016 00:40:31 UTC] PHP   1. {main}() /home/ubuntu/workspace/Login/login.php:0
[12-Mar-2016 00:40:31 UTC] PHP   2. ConnectDB->Login() /home/ubuntu/workspace/Login/login.php:16
[12-Mar-2016 00:40:31 UTC] PHP   3. ConnectDB->Connect() /home/ubuntu/workspace/Login/ConnectDB.php:66
[12-Mar-2016 00:40:31 UTC] PHP   4. mysqli_get_host_info() /home/ubuntu/workspace/Login/ConnectDB.php:41
[12-Mar-2016 00:40:31 UTC] PHP Catchable fatal error:  Object of class mysqli could not be converted to string in /home/ubuntu/workspace/Login/ConnectDB.php on line 45
[12-Mar-2016 00:40:31 UTC] PHP Stack trace:
[12-Mar-2016 00:40:31 UTC] PHP   1. {main}() /home/ubuntu/workspace/Login/login.php:0
[12-Mar-2016 00:40:31 UTC] PHP   2. ConnectDB->Login() /home/ubuntu/workspace/Login/login.php:16
[12-Mar-2016 00:40:31 UTC] PHP   3. ConnectDB->Connect() /home/ubuntu/workspace/Login/ConnectDB.php:66
[12-Mar-2016 00:41:50 UTC] PHP Catchable fatal error:  Object of class mysqli could not be converted to string in /home/ubuntu/workspace/Login/ConnectDB.php on line 45
[12-Mar-2016 00:41:50 UTC] PHP Stack trace:
[12-Mar-2016 00:41:50 UTC] PHP   1. {main}() /home/ubuntu/workspace/Login/login.php:0
[12-Mar-2016 00:41:50 UTC] PHP   2. ConnectDB->Login() /home/ubuntu/workspace/Login/login.php:16
[12-Mar-2016 00:41:50 UTC] PHP   3. ConnectDB->Connect() /home/ubuntu/workspace/Login/ConnectDB.php:66
[12-Mar-2016 00:41:59 UTC] PHP Catchable fatal error:  Object of class mysqli could not be converted to string in /home/ubuntu/workspace/Login/ConnectDB.php on line 45
[12-Mar-2016 00:41:59 UTC] PHP Stack trace:
[12-Mar-2016 00:41:59 UTC] PHP   1. {main}() /home/ubuntu/workspace/Login/login.php:0
[12-Mar-2016 00:41:59 UTC] PHP   2. ConnectDB->Login() /home/ubuntu/workspace/Login/login.php:16
[12-Mar-2016 00:41:59 UTC] PHP   3. ConnectDB->Connect() /home/ubuntu/workspace/Login/ConnectDB.php:66
[12-Mar-2016 00:43:53 UTC] PHP Warning:  mysqli_prepare() expects parameter 1 to be mysqli, null given in /home/ubuntu/workspace/Login/ConnectDB.php on line 69
[12-Mar-2016 00:43:53 UTC] PHP Stack trace:
[12-Mar-2016 00:43:53 UTC] PHP   1. {main}() /home/ubuntu/workspace/Login/login.php:0
[12-Mar-2016 00:43:53 UTC] PHP   2. ConnectDB->Login() /home/ubuntu/workspace/Login/login.php:16
[12-Mar-2016 00:43:53 UTC] PHP   3. mysqli_prepare() /home/ubuntu/workspace/Login/ConnectDB.php:69
[12-Mar-2016 00:43:53 UTC] PHP Fatal error:  Call to a member function mysqli_stmt_bind_param() on a non-object in /home/ubuntu/workspace/Login/ConnectDB.php on line 70
[12-Mar-2016 00:43:53 UTC] PHP Stack trace:
[12-Mar-2016 00:43:53 UTC] PHP   1. {main}() /home/ubuntu/workspace/Login/login.php:0
[12-Mar-2016 00:43:53 UTC] PHP   2. ConnectDB->Login() /home/ubuntu/workspace/Login/login.php:16
[12-Mar-2016 00:45:03 UTC] PHP Warning:  mysqli_prepare() expects parameter 1 to be mysqli, null given in /home/ubuntu/workspace/Login/ConnectDB.php on line 69
[12-Mar-2016 00:45:03 UTC] PHP Stack trace:
[12-Mar-2016 00:45:03 UTC] PHP   1. {main}() /home/ubuntu/workspace/Login/login.php:0
[12-Mar-2016 00:45:03 UTC] PHP   2. ConnectDB->Login() /home/ubuntu/workspace/Login/login.php:16
[12-Mar-2016 00:45:03 UTC] PHP   3. mysqli_prepare() /home/ubuntu/workspace/Login/ConnectDB.php:69
[12-Mar-2016 00:45:03 UTC] PHP Fatal error:  Call to a member function mysqli_stmt_bind_param() on a non-object in /home/ubuntu/workspace/Login/ConnectDB.php on line 70
[12-Mar-2016 00:45:03 UTC] PHP Stack trace:
[12-Mar-2016 00:45:03 UTC] PHP   1. {main}() /home/ubuntu/workspace/Login/login.php:0
[12-Mar-2016 00:45:03 UTC] PHP   2. ConnectDB->Login() /home/ubuntu/workspace/Login/login.php:16
[12-Mar-2016 00:46:39 UTC] PHP Warning:  mysqli_prepare() expects parameter 1 to be mysqli, null given in /home/ubuntu/workspace/Login/ConnectDB.php on line 69
[12-Mar-2016 00:46:39 UTC] PHP Stack trace:
[12-Mar-2016 00:46:39 UTC] PHP   1. {main}() /home/ubuntu/workspace/Login/login.php:0
[12-Mar-2016 00:46:39 UTC] PHP   2. ConnectDB->Login() /home/ubuntu/workspace/Login/login.php:16
[12-Mar-2016 00:46:39 UTC] PHP   3. mysqli_prepare() /home/ubuntu/workspace/Login/ConnectDB.php:69
[12-Mar-2016 00:46:39 UTC] PHP Fatal error:  Call to a member function mysqli_stmt_bind_param() on a non-object in /home/ubuntu/workspace/Login/ConnectDB.php on line 70
[12-Mar-2016 00:46:39 UTC] PHP Stack trace:
[12-Mar-2016 00:46:39 UTC] PHP   1. {main}() /home/ubuntu/workspace/Login/login.php:0
[12-Mar-2016 00:46:39 UTC] PHP   2. ConnectDB->Login() /home/ubuntu/workspace/Login/login.php:16
[12-Mar-2016 00:52:49 UTC] PHP Warning:  mysqli_prepare() expects parameter 1 to be mysqli, null given in /home/ubuntu/workspace/Login/ConnectDB.php on line 69
[12-Mar-2016 00:52:49 UTC] PHP Stack trace:
[12-Mar-2016 00:52:49 UTC] PHP   1. {main}() /home/ubuntu/workspace/Login/login.php:0
[12-Mar-2016 00:52:49 UTC] PHP   2. ConnectDB->Login() /home/ubuntu/workspace/Login/login.php:16
[12-Mar-2016 00:52:49 UTC] PHP   3. mysqli_prepare() /home/ubuntu/workspace/Login/ConnectDB.php:69
[12-Mar-2016 00:52:49 UTC] PHP Fatal error:  Call to a member function mysqli_stmt_bind_param() on a non-object in /home/ubuntu/workspace/Login/ConnectDB.php on line 70
[12-Mar-2016 00:52:49 UTC] PHP Stack trace:
[12-Mar-2016 00:52:49 UTC] PHP   1. {main}() /home/ubuntu/workspace/Login/login.php:0
[12-Mar-2016 00:52:49 UTC] PHP   2. ConnectDB->Login() /home/ubuntu/workspace/Login/login.php:16
[18-Mar-2016 20:44:39 UTC] PHP Fatal error:  Call to a member function Connect() on a non-object in /home/ubuntu/workspace/Login/login.php on line 29
[18-Mar-2016 20:44:39 UTC] PHP Stack trace:
[18-Mar-2016 20:44:39 UTC] PHP   1. {main}() /home/ubuntu/workspace/Login/login.php:0
[18-Mar-2016 20:44:39 UTC] PHP   2. Login() /home/ubuntu/workspace/Login/login.php:16
[18-Mar-2016 20:50:08 UTC] PHP Warning:  mysqli_connect(): (HY000/1049): Unknown database 'user' in /home/ubuntu/workspace/Login/ConnectDB.php on line 33
[18-Mar-2016 20:50:08 UTC] PHP Stack trace:
[18-Mar-2016 20:50:08 UTC] PHP   1. {main}() /home/ubuntu/workspace/Login/login.php:0
[18-Mar-2016 20:50:08 UTC] PHP   2. ConnectDB->Connect() /home/ubuntu/workspace/Login/login.php:16
[18-Mar-2016 20:50:08 UTC] PHP   3. mysqli_connect() /home/ubuntu/workspace/Login/ConnectDB.php:33
[20-Mar-2016 14:20:19 UTC] PHP Warning:  mysqli_prepare() expects parameter 1 to be mysqli, null given in /home/ubuntu/workspace/Login/login.php on line 33
[20-Mar-2016 14:20:19 UTC] PHP Stack trace:
[20-Mar-2016 14:20:19 UTC] PHP   1. {main}() /home/ubuntu/workspace/Login/login.php:0
[20-Mar-2016 14:20:19 UTC] PHP   2. Login() /home/ubuntu/workspace/Login/login.php:17
[20-Mar-2016 14:20:19 UTC] PHP   3. mysqli_prepare() /home/ubuntu/workspace/Login/login.php:33
[20-Mar-2016 14:20:19 UTC] PHP Fatal error:  Call to a member function mysqli_stmt_bind_param() on a non-object in /home/ubuntu/workspace/Login/login.php on line 34
[20-Mar-2016 14:20:19 UTC] PHP Stack trace:
[20-Mar-2016 14:20:19 UTC] PHP   1. {main}() /home/ubuntu/workspace/Login/login.php:0
[20-Mar-2016 14:20:19 UTC] PHP   2. Login() /home/ubuntu/workspace/Login/login.php:17
[20-Mar-2016 14:24:33 UTC] PHP Warning:  mysqli_prepare() expects parameter 1 to be mysqli, null given in /home/ubuntu/workspace/Login/login.php on line 33
[20-Mar-2016 14:24:33 UTC] PHP Stack trace:
[20-Mar-2016 14:24:33 UTC] PHP   1. {main}() /home/ubuntu/workspace/Login/login.php:0
[20-Mar-2016 14:24:33 UTC] PHP   2. Login() /home/ubuntu/workspace/Login/login.php:17
[20-Mar-2016 14:24:33 UTC] PHP   3. mysqli_prepare() /home/ubuntu/workspace/Login/login.php:33
[20-Mar-2016 14:24:33 UTC] PHP Fatal error:  Call to a member function mysqli_stmt_bind_param() on a non-object in /home/ubuntu/workspace/Login/login.php on line 34
[20-Mar-2016 14:24:33 UTC] PHP Stack trace:
[20-Mar-2016 14:24:33 UTC] PHP   1. {main}() /home/ubuntu/workspace/Login/login.php:0
[20-Mar-2016 14:24:33 UTC] PHP   2. Login() /home/ubuntu/workspace/Login/login.php:17
[20-Mar-2016 15:51:52 UTC] PHP Warning:  mysqli_prepare() expects parameter 1 to be mysqli, null given in /home/ubuntu/workspace/Login/login.php on line 33
[20-Mar-2016 15:51:52 UTC] PHP Stack trace:
[20-Mar-2016 15:51:52 UTC] PHP   1. {main}() /home/ubuntu/workspace/Login/login.php:0
[20-Mar-2016 15:51:52 UTC] PHP   2. Login() /home/ubuntu/workspace/Login/login.php:17
[20-Mar-2016 15:51:52 UTC] PHP   3. mysqli_prepare() /home/ubuntu/workspace/Login/login.php:33
[20-Mar-2016 15:51:52 UTC] PHP Fatal error:  Call to a member function mysqli_stmt_bind_param() on a non-object in /home/ubuntu/workspace/Login/login.php on line 34
[20-Mar-2016 15:51:52 UTC] PHP Stack trace:
[20-Mar-2016 15:51:52 UTC] PHP   1. {main}() /home/ubuntu/workspace/Login/login.php:0
[20-Mar-2016 15:51:52 UTC] PHP   2. Login() /home/ubuntu/workspace/Login/login.php:17
[20-Mar-2016 16:01:33 UTC] PHP Warning:  mysqli_prepare() expects parameter 1 to be mysqli, null given in /home/ubuntu/workspace/Login/login.php on line 23
[20-Mar-2016 16:01:33 UTC] PHP Stack trace:
[20-Mar-2016 16:01:33 UTC] PHP   1. {main}() /home/ubuntu/workspace/Login/login.php:0
[20-Mar-2016 16:01:33 UTC] PHP   2. mysqli_prepare() /home/ubuntu/workspace/Login/login.php:23
[20-Mar-2016 16:01:33 UTC] PHP Fatal error:  Call to a member function mysqli_stmt_bind_param() on a non-object in /home/ubuntu/workspace/Login/login.php on line 28
[20-Mar-2016 16:01:33 UTC] PHP Stack trace:
[20-Mar-2016 16:01:33 UTC] PHP   1. {main}() /home/ubuntu/workspace/Login/login.php:0
[20-Mar-2016 18:44:38 UTC] PHP Warning:  mysqli_prepare() expects parameter 1 to be mysqli, null given in /home/ubuntu/workspace/Login/login.php on line 23
[20-Mar-2016 18:44:38 UTC] PHP Stack trace:
[20-Mar-2016 18:44:38 UTC] PHP   1. {main}() /home/ubuntu/workspace/Login/login.php:0
[20-Mar-2016 18:44:38 UTC] PHP   2. mysqli_prepare() /home/ubuntu/workspace/Login/login.php:23
[20-Mar-2016 18:44:38 UTC] PHP Fatal error:  Call to a member function mysqli_stmt_bind_param() on a non-object in /home/ubuntu/workspace/Login/login.php on line 28
[20-Mar-2016 18:44:38 UTC] PHP Stack trace:
[20-Mar-2016 18:44:38 UTC] PHP   1. {main}() /home/ubuntu/workspace/Login/login.php:0
[20-Mar-2016 18:45:58 UTC] PHP Warning:  mysqli_prepare() expects parameter 1 to be mysqli, null given in /home/ubuntu/workspace/Login/login.php on line 23
[20-Mar-2016 18:45:58 UTC] PHP Stack trace:
[20-Mar-2016 18:45:58 UTC] PHP   1. {main}() /home/ubuntu/workspace/Login/login.php:0
[20-Mar-2016 18:45:58 UTC] PHP   2. mysqli_prepare() /home/ubuntu/workspace/Login/login.php:23
[20-Mar-2016 18:45:58 UTC] PHP Fatal error:  Call to a member function mysqli_stmt_bind_param() on a non-object in /home/ubuntu/workspace/Login/login.php on line 28
[20-Mar-2016 18:45:58 UTC] PHP Stack trace:
[20-Mar-2016 18:45:58 UTC] PHP   1. {main}() /home/ubuntu/workspace/Login/login.php:0
[20-Mar-2016 18:47:38 UTC] PHP Warning:  mysqli_prepare() expects parameter 1 to be mysqli, null given in /home/ubuntu/workspace/Login/login.php on line 23
[20-Mar-2016 18:47:38 UTC] PHP Stack trace:
[20-Mar-2016 18:47:38 UTC] PHP   1. {main}() /home/ubuntu/workspace/Login/login.php:0
[20-Mar-2016 18:47:38 UTC] PHP   2. mysqli_prepare() /home/ubuntu/workspace/Login/login.php:23
[20-Mar-2016 18:47:38 UTC] PHP Fatal error:  Call to a member function mysqli_stmt_bind_param() on a non-object in /home/ubuntu/workspace/Login/login.php on line 28
[20-Mar-2016 18:47:38 UTC] PHP Stack trace:
[20-Mar-2016 18:47:38 UTC] PHP   1. {main}() /home/ubuntu/workspace/Login/login.php:0
[20-Mar-2016 18:51:37 UTC] PHP Warning:  mysqli_prepare() expects parameter 1 to be mysqli, null given in /home/ubuntu/workspace/Login/login.php on line 23
[20-Mar-2016 18:51:37 UTC] PHP Stack trace:
[20-Mar-2016 18:51:37 UTC] PHP   1. {main}() /home/ubuntu/workspace/Login/login.php:0
[20-Mar-2016 18:51:37 UTC] PHP   2. mysqli_prepare() /home/ubuntu/workspace/Login/login.php:23
[20-Mar-2016 18:51:37 UTC] PHP Fatal error:  Call to a member function mysqli_stmt_bind_param() on a non-object in /home/ubuntu/workspace/Login/login.php on line 28
[20-Mar-2016 18:51:37 UTC] PHP Stack trace:
[20-Mar-2016 18:51:37 UTC] PHP   1. {main}() /home/ubuntu/workspace/Login/login.php:0
[20-Mar-2016 19:06:55 UTC] PHP Warning:  mysqli_prepare() expects parameter 1 to be mysqli, null given in /home/ubuntu/workspace/Login/login.php on line 23
[20-Mar-2016 19:06:55 UTC] PHP Stack trace:
[20-Mar-2016 19:06:55 UTC] PHP   1. {main}() /home/ubuntu/workspace/Login/login.php:0
[20-Mar-2016 19:06:55 UTC] PHP   2. mysqli_prepare() /home/ubuntu/workspace/Login/login.php:23
[20-Mar-2016 19:06:55 UTC] PHP Fatal error:  Call to a member function mysqli_stmt_bind_param() on a non-object in /home/ubuntu/workspace/Login/login.php on line 28
[20-Mar-2016 19:06:55 UTC] PHP Stack trace:
[20-Mar-2016 19:06:55 UTC] PHP   1. {main}() /home/ubuntu/workspace/Login/login.php:0
[20-Mar-2016 19:07:53 UTC] PHP Warning:  mysqli_prepare() expects parameter 1 to be mysqli, null given in /home/ubuntu/workspace/Login/login.php on line 23
[20-Mar-2016 19:07:53 UTC] PHP Stack trace:
[20-Mar-2016 19:07:53 UTC] PHP   1. {main}() /home/ubuntu/workspace/Login/login.php:0
[20-Mar-2016 19:07:53 UTC] PHP   2. mysqli_prepare() /home/ubuntu/workspace/Login/login.php:23
[20-Mar-2016 19:07:53 UTC] PHP Warning:  mysqli_stmt_bind_param() expects parameter 1 to be mysqli_stmt, null given in /home/ubuntu/workspace/Login/login.php on line 28
[20-Mar-2016 19:07:53 UTC] PHP Stack trace:
[20-Mar-2016 19:07:53 UTC] PHP   1. {main}() /home/ubuntu/workspace/Login/login.php:0
[20-Mar-2016 19:07:53 UTC] PHP   2. mysqli_stmt_bind_param() /home/ubuntu/workspace/Login/login.php:28
[20-Mar-2016 19:07:53 UTC] PHP Warning:  mysqli_stmt_store_result() expects parameter 1 to be mysqli_stmt, null given in /home/ubuntu/workspace/Login/login.php on line 31
[20-Mar-2016 19:07:53 UTC] PHP Stack trace:
[20-Mar-2016 19:07:53 UTC] PHP   1. {main}() /home/ubuntu/workspace/Login/login.php:0
[20-Mar-2016 19:07:53 UTC] PHP   2. mysqli_stmt_store_result() /home/ubuntu/workspace/Login/login.php:31
[20-Mar-2016 19:07:53 UTC] PHP Warning:  mysqli_stmt_bind_result() expects parameter 1 to be mysqli_stmt, null given in /home/ubuntu/workspace/Login/login.php on line 32
[20-Mar-2016 19:07:53 UTC] PHP Stack trace:
[20-Mar-2016 19:07:53 UTC] PHP   1. {main}() /home/ubuntu/workspace/Login/login.php:0
[20-Mar-2016 19:07:53 UTC] PHP   2. mysqli_stmt_bind_result() /home/ubuntu/workspace/Login/login.php:32
[20-Mar-2016 19:07:53 UTC] PHP Fatal error:  Call to undefined function mysqli_start_execute() in /home/ubuntu/workspace/Login/login.php on line 34
[20-Mar-2016 19:07:53 UTC] PHP Stack trace:
[20-Mar-2016 19:07:53 UTC] PHP   1. {main}() /home/ubuntu/workspace/Login/login.php:0
[20-Mar-2016 19:10:48 UTC] PHP Warning:  mysqli_prepare() expects parameter 1 to be mysqli, null given in /home/ubuntu/workspace/Login/login.php on line 23
[20-Mar-2016 19:10:48 UTC] PHP Stack trace:
[20-Mar-2016 19:10:48 UTC] PHP   1. {main}() /home/ubuntu/workspace/Login/login.php:0
[20-Mar-2016 19:10:48 UTC] PHP   2. mysqli_prepare() /home/ubuntu/workspace/Login/login.php:23
[20-Mar-2016 19:10:48 UTC] PHP Warning:  mysqli_stmt_bind_param() expects parameter 1 to be mysqli_stmt, null given in /home/ubuntu/workspace/Login/login.php on line 32
[20-Mar-2016 19:10:48 UTC] PHP Stack trace:
[20-Mar-2016 19:10:48 UTC] PHP   1. {main}() /home/ubuntu/workspace/Login/login.php:0
[20-Mar-2016 19:10:48 UTC] PHP   2. mysqli_stmt_bind_param() /home/ubuntu/workspace/Login/login.php:32
[20-Mar-2016 19:10:48 UTC] PHP Warning:  mysqli_stmt_store_result() expects parameter 1 to be mysqli_stmt, null given in /home/ubuntu/workspace/Login/login.php on line 35
[20-Mar-2016 19:10:48 UTC] PHP Stack trace:
[20-Mar-2016 19:10:48 UTC] PHP   1. {main}() /home/ubuntu/workspace/Login/login.php:0
[20-Mar-2016 19:10:48 UTC] PHP   2. mysqli_stmt_store_result() /home/ubuntu/workspace/Login/login.php:35
[20-Mar-2016 19:10:48 UTC] PHP Warning:  mysqli_stmt_bind_result() expects parameter 1 to be mysqli_stmt, null given in /home/ubuntu/workspace/Login/login.php on line 36
[20-Mar-2016 19:10:48 UTC] PHP Stack trace:
[20-Mar-2016 19:10:48 UTC] PHP   1. {main}() /home/ubuntu/workspace/Login/login.php:0
[20-Mar-2016 19:10:48 UTC] PHP   2. mysqli_stmt_bind_result() /home/ubuntu/workspace/Login/login.php:36
[20-Mar-2016 19:10:48 UTC] PHP Fatal error:  Call to undefined function mysqli_start_execute() in /home/ubuntu/workspace/Login/login.php on line 38
[20-Mar-2016 19:10:48 UTC] PHP Stack trace:
[20-Mar-2016 19:10:48 UTC] PHP   1. {main}() /home/ubuntu/workspace/Login/login.php:0
[20-Mar-2016 19:15:37 UTC] PHP Warning:  mysqli_prepare() expects parameter 1 to be mysqli, null given in /home/ubuntu/workspace/Login/login.php on line 23
[20-Mar-2016 19:15:37 UTC] PHP Stack trace:
[20-Mar-2016 19:15:37 UTC] PHP   1. {main}() /home/ubuntu/workspace/Login/login.php:0
[20-Mar-2016 19:15:37 UTC] PHP   2. mysqli_prepare() /home/ubuntu/workspace/Login/login.php:23
[20-Mar-2016 19:15:37 UTC] PHP Warning:  mysqli_stmt_bind_param() expects parameter 1 to be mysqli_stmt, null given in /home/ubuntu/workspace/Login/login.php on line 32
[20-Mar-2016 19:15:37 UTC] PHP Stack trace:
[20-Mar-2016 19:15:37 UTC] PHP   1. {main}() /home/ubuntu/workspace/Login/login.php:0
[20-Mar-2016 19:15:37 UTC] PHP   2. mysqli_stmt_bind_param() /home/ubuntu/workspace/Login/login.php:32
[20-Mar-2016 19:15:37 UTC] PHP Warning:  mysqli_stmt_store_result() expects parameter 1 to be mysqli_stmt, null given in /home/ubuntu/workspace/Login/login.php on line 35
[20-Mar-2016 19:15:37 UTC] PHP Stack trace:
[20-Mar-2016 19:15:37 UTC] PHP   1. {main}() /home/ubuntu/workspace/Login/login.php:0
[20-Mar-2016 19:15:37 UTC] PHP   2. mysqli_stmt_store_result() /home/ubuntu/workspace/Login/login.php:35
[20-Mar-2016 19:15:37 UTC] PHP Warning:  mysqli_stmt_bind_result() expects parameter 1 to be mysqli_stmt, null given in /home/ubuntu/workspace/Login/login.php on line 36
[20-Mar-2016 19:15:37 UTC] PHP Stack trace:
[20-Mar-2016 19:15:37 UTC] PHP   1. {main}() /home/ubuntu/workspace/Login/login.php:0
[20-Mar-2016 19:15:37 UTC] PHP   2. mysqli_stmt_bind_result() /home/ubuntu/workspace/Login/login.php:36
[20-Mar-2016 19:15:37 UTC] PHP Fatal error:  Call to undefined function mysqli_start_execute() in /home/ubuntu/workspace/Login/login.php on line 38
[20-Mar-2016 19:15:37 UTC] PHP Stack trace:
[20-Mar-2016 19:15:37 UTC] PHP   1. {main}() /home/ubuntu/workspace/Login/login.php:0
[20-Mar-2016 19:35:44 UTC] PHP Fatal error:  Call to a member function mysqli_prepare() on a non-object in /home/ubuntu/workspace/Login/login.php on line 23
[20-Mar-2016 19:35:44 UTC] PHP Stack trace:
[20-Mar-2016 19:35:44 UTC] PHP   1. {main}() /home/ubuntu/workspace/Login/login.php:0
[20-Mar-2016 19:36:44 UTC] PHP Fatal error:  Call to a member function prepare() on a non-object in /home/ubuntu/workspace/Login/login.php on line 23
[20-Mar-2016 19:36:44 UTC] PHP Stack trace:
[20-Mar-2016 19:36:44 UTC] PHP   1. {main}() /home/ubuntu/workspace/Login/login.php:0
[22-Mar-2016 12:31:26 UTC] PHP Warning:  mysqli_stmt_bind_result(): Number of bind variables doesn't match number of fields in prepared statement in /home/ubuntu/workspace/Login/login.php on line 36
[22-Mar-2016 12:31:26 UTC] PHP Stack trace:
[22-Mar-2016 12:31:26 UTC] PHP   1. {main}() /home/ubuntu/workspace/Login/login.php:0
[22-Mar-2016 12:31:26 UTC] PHP   2. mysqli_stmt_bind_result() /home/ubuntu/workspace/Login/login.php:36
[22-Mar-2016 12:31:26 UTC] PHP Fatal error:  Call to undefined function mysqli_start_execute() in /home/ubuntu/workspace/Login/login.php on line 38
[22-Mar-2016 12:31:26 UTC] PHP Stack trace:
[22-Mar-2016 12:31:26 UTC] PHP   1. {main}() /home/ubuntu/workspace/Login/login.php:0
[22-Mar-2016 12:33:23 UTC] PHP Fatal error:  Call to undefined function mysqli_start_execute() in /home/ubuntu/workspace/Login/login.php on line 38
[22-Mar-2016 12:33:23 UTC] PHP Stack trace:
[22-Mar-2016 12:33:23 UTC] PHP   1. {main}() /home/ubuntu/workspace/Login/login.php:0
[22-Mar-2016 13:26:14 UTC] PHP Fatal error:  Call to undefined method mysqli::mysqli_prepare() in /home/ubuntu/workspace/Login/login.php on line 23
[22-Mar-2016 13:26:14 UTC] PHP Stack trace:
[22-Mar-2016 13:26:14 UTC] PHP   1. {main}() /home/ubuntu/workspace/Login/login.php:0
[22-Mar-2016 13:31:37 UTC] PHP Fatal error:  Call to undefined function mysqli_start_execute() in /home/ubuntu/workspace/Login/login.php on line 38
[22-Mar-2016 13:31:37 UTC] PHP Stack trace:
[22-Mar-2016 13:31:37 UTC] PHP   1. {main}() /home/ubuntu/workspace/Login/login.php:0
[24-Mar-2016 14:35:29 UTC] PHP Notice:  Use of undefined constant name - assumed 'name' in /home/ubuntu/workspace/Login/login.php on line 64
[24-Mar-2016 14:35:29 UTC] PHP Stack trace:
[24-Mar-2016 14:35:29 UTC] PHP   1. {main}() /home/ubuntu/workspace/Login/login.php:0
[24-Mar-2016 14:35:29 UTC] PHP Notice:  Undefined variable: name in /home/ubuntu/workspace/Login/login.php on line 64
[24-Mar-2016 14:35:29 UTC] PHP Stack trace:
[24-Mar-2016 14:35:29 UTC] PHP   1. {main}() /home/ubuntu/workspace/Login/login.php:0
[24-Mar-2016 14:35:29 UTC] PHP Notice:  Use of undefined constant userName - assumed 'userName' in /home/ubuntu/workspace/Login/login.php on line 65
[24-Mar-2016 14:35:29 UTC] PHP Stack trace:
[24-Mar-2016 14:35:29 UTC] PHP   1. {main}() /home/ubuntu/workspace/Login/login.php:0
[24-Mar-2016 14:35:29 UTC] PHP Notice:  Use of undefined constant email - assumed 'email' in /home/ubuntu/workspace/Login/login.php on line 66
[24-Mar-2016 14:35:29 UTC] PHP Stack trace:
[24-Mar-2016 14:35:29 UTC] PHP   1. {main}() /home/ubuntu/workspace/Login/login.php:0
[24-Mar-2016 14:35:29 UTC] PHP Notice:  Undefined variable: email in /home/ubuntu/workspace/Login/login.php on line 66
[24-Mar-2016 14:35:29 UTC] PHP Stack trace:
[24-Mar-2016 14:35:29 UTC] PHP   1. {main}() /home/ubuntu/workspace/Login/login.php:0
[24-Mar-2016 14:35:29 UTC] PHP Notice:  Use of undefined constant password - assumed 'password' in /home/ubuntu/workspace/Login/login.php on line 67
[24-Mar-2016 14:35:29 UTC] PHP Stack trace:
[24-Mar-2016 14:35:29 UTC] PHP   1. {main}() /home/ubuntu/workspace/Login/login.php:0
[24-Mar-2016 14:40:24 UTC] PHP Notice:  Use of undefined constant userName - assumed 'userName' in /home/ubuntu/workspace/Login/login.php on line 61
[24-Mar-2016 14:40:24 UTC] PHP Stack trace:
[24-Mar-2016 14:40:24 UTC] PHP   1. {main}() /home/ubuntu/workspace/Login/login.php:0
[24-Mar-2016 14:40:24 UTC] PHP Notice:  Use of undefined constant password - assumed 'password' in /home/ubuntu/workspace/Login/login.php on line 63
[24-Mar-2016 14:40:24 UTC] PHP Stack trace:
[24-Mar-2016 14:40:24 UTC] PHP   1. {main}() /home/ubuntu/workspace/Login/login.php:0
[24-Mar-2016 15:32:52 UTC] PHP Notice:  Undefined variable: userPassword in /home/ubuntu/workspace/Login/login.php on line 54
[24-Mar-2016 15:32:52 UTC] PHP Stack trace:
[24-Mar-2016 15:32:52 UTC] PHP   1. {main}() /home/ubuntu/workspace/Login/login.php:0
[24-Mar-2016 15:32:52 UTC] PHP Notice:  Use of undefined constant userName - assumed 'userName' in /home/ubuntu/workspace/Login/login.php on line 61
[24-Mar-2016 15:32:52 UTC] PHP Stack trace:
[24-Mar-2016 15:32:52 UTC] PHP   1. {main}() /home/ubuntu/workspace/Login/login.php:0
[24-Mar-2016 15:32:52 UTC] PHP Notice:  Use of undefined constant password - assumed 'password' in /home/ubuntu/workspace/Login/login.php on line 63
[24-Mar-2016 15:32:52 UTC] PHP Stack trace:
[24-Mar-2016 15:32:52 UTC] PHP   1. {main}() /home/ubuntu/workspace/Login/login.php:0
[24-Mar-2016 15:32:52 UTC] PHP Notice:  Undefined variable: bPassword in /home/ubuntu/workspace/Login/login.php on line 63
[24-Mar-2016 15:32:52 UTC] PHP Stack trace:
[24-Mar-2016 15:32:52 UTC] PHP   1. {main}() /home/ubuntu/workspace/Login/login.php:0
[24-Mar-2016 15:36:02 UTC] PHP Notice:  Undefined variable: bPassword in /home/ubuntu/workspace/Login/login.php on line 54
[24-Mar-2016 15:36:02 UTC] PHP Stack trace:
[24-Mar-2016 15:36:02 UTC] PHP   1. {main}() /home/ubuntu/workspace/Login/login.php:0
[24-Mar-2016 15:36:02 UTC] PHP Notice:  Use of undefined constant userName - assumed 'userName' in /home/ubuntu/workspace/Login/login.php on line 61
[24-Mar-2016 15:36:02 UTC] PHP Stack trace:
[24-Mar-2016 15:36:02 UTC] PHP   1. {main}() /home/ubuntu/workspace/Login/login.php:0
[24-Mar-2016 15:36:02 UTC] PHP Notice:  Use of undefined constant password - assumed 'password' in /home/ubuntu/workspace/Login/login.php on line 63
[24-Mar-2016 15:36:02 UTC] PHP Stack trace:
[24-Mar-2016 15:36:02 UTC] PHP   1. {main}() /home/ubuntu/workspace/Login/login.php:0
[24-Mar-2016 15:36:02 UTC] PHP Notice:  Undefined variable: bPassword in /home/ubuntu/workspace/Login/login.php on line 63
[24-Mar-2016 15:36:02 UTC] PHP Stack trace:
[24-Mar-2016 15:36:02 UTC] PHP   1. {main}() /home/ubuntu/workspace/Login/login.php:0
[24-Mar-2016 15:37:42 UTC] PHP Notice:  Use of undefined constant userName - assumed 'userName' in /home/ubuntu/workspace/Login/login.php on line 61
[24-Mar-2016 15:37:43 UTC] PHP Stack trace:
[24-Mar-2016 15:37:43 UTC] PHP   1. {main}() /home/ubuntu/workspace/Login/login.php:0
[24-Mar-2016 15:37:43 UTC] PHP Notice:  Use of undefined constant password - assumed 'password' in /home/ubuntu/workspace/Login/login.php on line 63
[24-Mar-2016 15:37:43 UTC] PHP Stack trace:
[24-Mar-2016 15:37:43 UTC] PHP   1. {main}() /home/ubuntu/workspace/Login/login.php:0
